{"numFailedTestSuites":2,"numFailedTests":10,"numPassedTestSuites":1,"numPassedTests":5,"numPendingTestSuites":0,"numPendingTests":0,"numRuntimeErrorTestSuites":0,"numTodoTests":0,"numTotalTestSuites":3,"numTotalTests":15,"openHandles":[],"snapshot":{"added":0,"didUpdate":false,"failure":false,"filesAdded":0,"filesRemoved":0,"filesRemovedList":[],"filesUnmatched":0,"filesUpdated":0,"matched":0,"total":0,"unchecked":0,"uncheckedKeysByFile":[],"unmatched":0,"updated":0},"startTime":1751711169102,"success":false,"testResults":[{"assertionResults":[{"ancestorTitles":["ClassController (e2e)"],"duration":1,"failureDetails":[{"query":"INSERT INTO \"tenant\"(\"id\", \"name\", \"plan\") VALUES ($1, $2, DEFAULT) RETURNING \"id\", \"plan\"","parameters":["782cf39c-5c73-4110-8005-05b0dd1fc1fb","Tenant E2E Class"],"driverError":{"length":264,"name":"error","severity":"ERREUR","code":"23505","detail":"La clé « (name)=(Tenant E2E Class) » existe déjà.","schema":"public","table":"tenant","constraint":"UQ_56211336b5ff35fd944f2259173","file":"nbtinsert.c","line":"673","routine":"_bt_check_unique"},"length":264,"severity":"ERREUR","code":"23505","detail":"La clé « (name)=(Tenant E2E Class) » existe déjà.","schema":"public","table":"tenant","constraint":"UQ_56211336b5ff35fd944f2259173","file":"nbtinsert.c","line":"673","routine":"_bt_check_unique"}],"failureMessages":["QueryFailedError: la valeur d'une clé dupliquée rompt la contrainte unique « UQ_56211336b5ff35fd944f2259173 »\n    at PostgresQueryRunner.query (C:\\saas\\backend\\src\\driver\\postgres\\PostgresQueryRunner.ts:325:19)\n    at processTicksAndRejections (node:internal/process/task_queues:105:5)\n    at InsertQueryBuilder.execute (C:\\saas\\backend\\src\\query-builder\\InsertQueryBuilder.ts:164:33)\n    at SubjectExecutor.executeInsertOperations (C:\\saas\\backend\\src\\persistence\\SubjectExecutor.ts:435:42)\n    at SubjectExecutor.execute (C:\\saas\\backend\\src\\persistence\\SubjectExecutor.ts:137:9)\n    at EntityPersistExecutor.execute (C:\\saas\\backend\\src\\persistence\\EntityPersistExecutor.ts:182:21)\n    at Object.<anonymous> (C:\\saas\\backend\\test\\class.e2e-spec.ts:26:5)"],"fullName":"ClassController (e2e) should create class","invocations":1,"location":null,"numPassingAsserts":0,"retryReasons":[],"status":"failed","title":"should create class"},{"ancestorTitles":["ClassController (e2e)"],"duration":1,"failureDetails":[{"query":"INSERT INTO \"tenant\"(\"id\", \"name\", \"plan\") VALUES ($1, $2, DEFAULT) RETURNING \"id\", \"plan\"","parameters":["782cf39c-5c73-4110-8005-05b0dd1fc1fb","Tenant E2E Class"],"driverError":{"length":264,"name":"error","severity":"ERREUR","code":"23505","detail":"La clé « (name)=(Tenant E2E Class) » existe déjà.","schema":"public","table":"tenant","constraint":"UQ_56211336b5ff35fd944f2259173","file":"nbtinsert.c","line":"673","routine":"_bt_check_unique"},"length":264,"severity":"ERREUR","code":"23505","detail":"La clé « (name)=(Tenant E2E Class) » existe déjà.","schema":"public","table":"tenant","constraint":"UQ_56211336b5ff35fd944f2259173","file":"nbtinsert.c","line":"673","routine":"_bt_check_unique"}],"failureMessages":["QueryFailedError: la valeur d'une clé dupliquée rompt la contrainte unique « UQ_56211336b5ff35fd944f2259173 »\n    at PostgresQueryRunner.query (C:\\saas\\backend\\src\\driver\\postgres\\PostgresQueryRunner.ts:325:19)\n    at processTicksAndRejections (node:internal/process/task_queues:105:5)\n    at InsertQueryBuilder.execute (C:\\saas\\backend\\src\\query-builder\\InsertQueryBuilder.ts:164:33)\n    at SubjectExecutor.executeInsertOperations (C:\\saas\\backend\\src\\persistence\\SubjectExecutor.ts:435:42)\n    at SubjectExecutor.execute (C:\\saas\\backend\\src\\persistence\\SubjectExecutor.ts:137:9)\n    at EntityPersistExecutor.execute (C:\\saas\\backend\\src\\persistence\\EntityPersistExecutor.ts:182:21)\n    at Object.<anonymous> (C:\\saas\\backend\\test\\class.e2e-spec.ts:26:5)"],"fullName":"ClassController (e2e) should list classes","invocations":1,"location":null,"numPassingAsserts":0,"retryReasons":[],"status":"failed","title":"should list classes"},{"ancestorTitles":["ClassController (e2e)"],"duration":1,"failureDetails":[{"query":"INSERT INTO \"tenant\"(\"id\", \"name\", \"plan\") VALUES ($1, $2, DEFAULT) RETURNING \"id\", \"plan\"","parameters":["782cf39c-5c73-4110-8005-05b0dd1fc1fb","Tenant E2E Class"],"driverError":{"length":264,"name":"error","severity":"ERREUR","code":"23505","detail":"La clé « (name)=(Tenant E2E Class) » existe déjà.","schema":"public","table":"tenant","constraint":"UQ_56211336b5ff35fd944f2259173","file":"nbtinsert.c","line":"673","routine":"_bt_check_unique"},"length":264,"severity":"ERREUR","code":"23505","detail":"La clé « (name)=(Tenant E2E Class) » existe déjà.","schema":"public","table":"tenant","constraint":"UQ_56211336b5ff35fd944f2259173","file":"nbtinsert.c","line":"673","routine":"_bt_check_unique"}],"failureMessages":["QueryFailedError: la valeur d'une clé dupliquée rompt la contrainte unique « UQ_56211336b5ff35fd944f2259173 »\n    at PostgresQueryRunner.query (C:\\saas\\backend\\src\\driver\\postgres\\PostgresQueryRunner.ts:325:19)\n    at processTicksAndRejections (node:internal/process/task_queues:105:5)\n    at InsertQueryBuilder.execute (C:\\saas\\backend\\src\\query-builder\\InsertQueryBuilder.ts:164:33)\n    at SubjectExecutor.executeInsertOperations (C:\\saas\\backend\\src\\persistence\\SubjectExecutor.ts:435:42)\n    at SubjectExecutor.execute (C:\\saas\\backend\\src\\persistence\\SubjectExecutor.ts:137:9)\n    at EntityPersistExecutor.execute (C:\\saas\\backend\\src\\persistence\\EntityPersistExecutor.ts:182:21)\n    at Object.<anonymous> (C:\\saas\\backend\\test\\class.e2e-spec.ts:26:5)"],"fullName":"ClassController (e2e) should get one class","invocations":1,"location":null,"numPassingAsserts":0,"retryReasons":[],"status":"failed","title":"should get one class"},{"ancestorTitles":["ClassController (e2e)"],"duration":0,"failureDetails":[{"query":"INSERT INTO \"tenant\"(\"id\", \"name\", \"plan\") VALUES ($1, $2, DEFAULT) RETURNING \"id\", \"plan\"","parameters":["782cf39c-5c73-4110-8005-05b0dd1fc1fb","Tenant E2E Class"],"driverError":{"length":264,"name":"error","severity":"ERREUR","code":"23505","detail":"La clé « (name)=(Tenant E2E Class) » existe déjà.","schema":"public","table":"tenant","constraint":"UQ_56211336b5ff35fd944f2259173","file":"nbtinsert.c","line":"673","routine":"_bt_check_unique"},"length":264,"severity":"ERREUR","code":"23505","detail":"La clé « (name)=(Tenant E2E Class) » existe déjà.","schema":"public","table":"tenant","constraint":"UQ_56211336b5ff35fd944f2259173","file":"nbtinsert.c","line":"673","routine":"_bt_check_unique"}],"failureMessages":["QueryFailedError: la valeur d'une clé dupliquée rompt la contrainte unique « UQ_56211336b5ff35fd944f2259173 »\n    at PostgresQueryRunner.query (C:\\saas\\backend\\src\\driver\\postgres\\PostgresQueryRunner.ts:325:19)\n    at processTicksAndRejections (node:internal/process/task_queues:105:5)\n    at InsertQueryBuilder.execute (C:\\saas\\backend\\src\\query-builder\\InsertQueryBuilder.ts:164:33)\n    at SubjectExecutor.executeInsertOperations (C:\\saas\\backend\\src\\persistence\\SubjectExecutor.ts:435:42)\n    at SubjectExecutor.execute (C:\\saas\\backend\\src\\persistence\\SubjectExecutor.ts:137:9)\n    at EntityPersistExecutor.execute (C:\\saas\\backend\\src\\persistence\\EntityPersistExecutor.ts:182:21)\n    at Object.<anonymous> (C:\\saas\\backend\\test\\class.e2e-spec.ts:26:5)"],"fullName":"ClassController (e2e) should update class","invocations":1,"location":null,"numPassingAsserts":0,"retryReasons":[],"status":"failed","title":"should update class"},{"ancestorTitles":["ClassController (e2e)"],"duration":0,"failureDetails":[{"query":"INSERT INTO \"tenant\"(\"id\", \"name\", \"plan\") VALUES ($1, $2, DEFAULT) RETURNING \"id\", \"plan\"","parameters":["782cf39c-5c73-4110-8005-05b0dd1fc1fb","Tenant E2E Class"],"driverError":{"length":264,"name":"error","severity":"ERREUR","code":"23505","detail":"La clé « (name)=(Tenant E2E Class) » existe déjà.","schema":"public","table":"tenant","constraint":"UQ_56211336b5ff35fd944f2259173","file":"nbtinsert.c","line":"673","routine":"_bt_check_unique"},"length":264,"severity":"ERREUR","code":"23505","detail":"La clé « (name)=(Tenant E2E Class) » existe déjà.","schema":"public","table":"tenant","constraint":"UQ_56211336b5ff35fd944f2259173","file":"nbtinsert.c","line":"673","routine":"_bt_check_unique"}],"failureMessages":["QueryFailedError: la valeur d'une clé dupliquée rompt la contrainte unique « UQ_56211336b5ff35fd944f2259173 »\n    at PostgresQueryRunner.query (C:\\saas\\backend\\src\\driver\\postgres\\PostgresQueryRunner.ts:325:19)\n    at processTicksAndRejections (node:internal/process/task_queues:105:5)\n    at InsertQueryBuilder.execute (C:\\saas\\backend\\src\\query-builder\\InsertQueryBuilder.ts:164:33)\n    at SubjectExecutor.executeInsertOperations (C:\\saas\\backend\\src\\persistence\\SubjectExecutor.ts:435:42)\n    at SubjectExecutor.execute (C:\\saas\\backend\\src\\persistence\\SubjectExecutor.ts:137:9)\n    at EntityPersistExecutor.execute (C:\\saas\\backend\\src\\persistence\\EntityPersistExecutor.ts:182:21)\n    at Object.<anonymous> (C:\\saas\\backend\\test\\class.e2e-spec.ts:26:5)"],"fullName":"ClassController (e2e) should delete class","invocations":1,"location":null,"numPassingAsserts":0,"retryReasons":[],"status":"failed","title":"should delete class"}],"endTime":1751711173674,"message":"\u001b[1m\u001b[31m  \u001b[1m● \u001b[22m\u001b[1mClassController (e2e) › should create class\u001b[39m\u001b[22m\n\n    QueryFailedError: la valeur d'une clé dupliquée rompt la contrainte unique « UQ_56211336b5ff35fd944f2259173 »\n\u001b[2m\u001b[22m\n\u001b[2m      \u001b[2mat PostgresQueryRunner.query (\u001b[22m\u001b[2m../src/driver/postgres/PostgresQueryRunner.ts\u001b[2m:325:19)\u001b[22m\u001b[2m\u001b[22m\n\u001b[2m      \u001b[2mat InsertQueryBuilder.execute (\u001b[22m\u001b[2m../src/query-builder/InsertQueryBuilder.ts\u001b[2m:164:33)\u001b[22m\u001b[2m\u001b[22m\n\u001b[2m      \u001b[2mat SubjectExecutor.executeInsertOperations (\u001b[22m\u001b[2m../src/persistence/SubjectExecutor.ts\u001b[2m:435:42)\u001b[22m\u001b[2m\u001b[22m\n\u001b[2m      \u001b[2mat SubjectExecutor.execute (\u001b[22m\u001b[2m../src/persistence/SubjectExecutor.ts\u001b[2m:137:9)\u001b[22m\u001b[2m\u001b[22m\n\u001b[2m      \u001b[2mat EntityPersistExecutor.execute (\u001b[22m\u001b[2m../src/persistence/EntityPersistExecutor.ts\u001b[2m:182:21)\u001b[22m\u001b[2m\u001b[22m\n\u001b[2m      \u001b[2mat Object.<anonymous> (\u001b[22m\u001b[2m\u001b[0m\u001b[36mclass.e2e-spec.ts\u001b[39m\u001b[0m\u001b[2m:26:5)\u001b[22m\u001b[2m\u001b[22m\n\n\u001b[1m\u001b[31m  \u001b[1m● \u001b[22m\u001b[1mClassController (e2e) › should list classes\u001b[39m\u001b[22m\n\n    QueryFailedError: la valeur d'une clé dupliquée rompt la contrainte unique « UQ_56211336b5ff35fd944f2259173 »\n\u001b[2m\u001b[22m\n\u001b[2m      \u001b[2mat PostgresQueryRunner.query (\u001b[22m\u001b[2m../src/driver/postgres/PostgresQueryRunner.ts\u001b[2m:325:19)\u001b[22m\u001b[2m\u001b[22m\n\u001b[2m      \u001b[2mat InsertQueryBuilder.execute (\u001b[22m\u001b[2m../src/query-builder/InsertQueryBuilder.ts\u001b[2m:164:33)\u001b[22m\u001b[2m\u001b[22m\n\u001b[2m      \u001b[2mat SubjectExecutor.executeInsertOperations (\u001b[22m\u001b[2m../src/persistence/SubjectExecutor.ts\u001b[2m:435:42)\u001b[22m\u001b[2m\u001b[22m\n\u001b[2m      \u001b[2mat SubjectExecutor.execute (\u001b[22m\u001b[2m../src/persistence/SubjectExecutor.ts\u001b[2m:137:9)\u001b[22m\u001b[2m\u001b[22m\n\u001b[2m      \u001b[2mat EntityPersistExecutor.execute (\u001b[22m\u001b[2m../src/persistence/EntityPersistExecutor.ts\u001b[2m:182:21)\u001b[22m\u001b[2m\u001b[22m\n\u001b[2m      \u001b[2mat Object.<anonymous> (\u001b[22m\u001b[2m\u001b[0m\u001b[36mclass.e2e-spec.ts\u001b[39m\u001b[0m\u001b[2m:26:5)\u001b[22m\u001b[2m\u001b[22m\n\n\u001b[1m\u001b[31m  \u001b[1m● \u001b[22m\u001b[1mClassController (e2e) › should get one class\u001b[39m\u001b[22m\n\n    QueryFailedError: la valeur d'une clé dupliquée rompt la contrainte unique « UQ_56211336b5ff35fd944f2259173 »\n\u001b[2m\u001b[22m\n\u001b[2m      \u001b[2mat PostgresQueryRunner.query (\u001b[22m\u001b[2m../src/driver/postgres/PostgresQueryRunner.ts\u001b[2m:325:19)\u001b[22m\u001b[2m\u001b[22m\n\u001b[2m      \u001b[2mat InsertQueryBuilder.execute (\u001b[22m\u001b[2m../src/query-builder/InsertQueryBuilder.ts\u001b[2m:164:33)\u001b[22m\u001b[2m\u001b[22m\n\u001b[2m      \u001b[2mat SubjectExecutor.executeInsertOperations (\u001b[22m\u001b[2m../src/persistence/SubjectExecutor.ts\u001b[2m:435:42)\u001b[22m\u001b[2m\u001b[22m\n\u001b[2m      \u001b[2mat SubjectExecutor.execute (\u001b[22m\u001b[2m../src/persistence/SubjectExecutor.ts\u001b[2m:137:9)\u001b[22m\u001b[2m\u001b[22m\n\u001b[2m      \u001b[2mat EntityPersistExecutor.execute (\u001b[22m\u001b[2m../src/persistence/EntityPersistExecutor.ts\u001b[2m:182:21)\u001b[22m\u001b[2m\u001b[22m\n\u001b[2m      \u001b[2mat Object.<anonymous> (\u001b[22m\u001b[2m\u001b[0m\u001b[36mclass.e2e-spec.ts\u001b[39m\u001b[0m\u001b[2m:26:5)\u001b[22m\u001b[2m\u001b[22m\n\n\u001b[1m\u001b[31m  \u001b[1m● \u001b[22m\u001b[1mClassController (e2e) › should update class\u001b[39m\u001b[22m\n\n    QueryFailedError: la valeur d'une clé dupliquée rompt la contrainte unique « UQ_56211336b5ff35fd944f2259173 »\n\u001b[2m\u001b[22m\n\u001b[2m      \u001b[2mat PostgresQueryRunner.query (\u001b[22m\u001b[2m../src/driver/postgres/PostgresQueryRunner.ts\u001b[2m:325:19)\u001b[22m\u001b[2m\u001b[22m\n\u001b[2m      \u001b[2mat InsertQueryBuilder.execute (\u001b[22m\u001b[2m../src/query-builder/InsertQueryBuilder.ts\u001b[2m:164:33)\u001b[22m\u001b[2m\u001b[22m\n\u001b[2m      \u001b[2mat SubjectExecutor.executeInsertOperations (\u001b[22m\u001b[2m../src/persistence/SubjectExecutor.ts\u001b[2m:435:42)\u001b[22m\u001b[2m\u001b[22m\n\u001b[2m      \u001b[2mat SubjectExecutor.execute (\u001b[22m\u001b[2m../src/persistence/SubjectExecutor.ts\u001b[2m:137:9)\u001b[22m\u001b[2m\u001b[22m\n\u001b[2m      \u001b[2mat EntityPersistExecutor.execute (\u001b[22m\u001b[2m../src/persistence/EntityPersistExecutor.ts\u001b[2m:182:21)\u001b[22m\u001b[2m\u001b[22m\n\u001b[2m      \u001b[2mat Object.<anonymous> (\u001b[22m\u001b[2m\u001b[0m\u001b[36mclass.e2e-spec.ts\u001b[39m\u001b[0m\u001b[2m:26:5)\u001b[22m\u001b[2m\u001b[22m\n\n\u001b[1m\u001b[31m  \u001b[1m● \u001b[22m\u001b[1mClassController (e2e) › should delete class\u001b[39m\u001b[22m\n\n    QueryFailedError: la valeur d'une clé dupliquée rompt la contrainte unique « UQ_56211336b5ff35fd944f2259173 »\n\u001b[2m\u001b[22m\n\u001b[2m      \u001b[2mat PostgresQueryRunner.query (\u001b[22m\u001b[2m../src/driver/postgres/PostgresQueryRunner.ts\u001b[2m:325:19)\u001b[22m\u001b[2m\u001b[22m\n\u001b[2m      \u001b[2mat InsertQueryBuilder.execute (\u001b[22m\u001b[2m../src/query-builder/InsertQueryBuilder.ts\u001b[2m:164:33)\u001b[22m\u001b[2m\u001b[22m\n\u001b[2m      \u001b[2mat SubjectExecutor.executeInsertOperations (\u001b[22m\u001b[2m../src/persistence/SubjectExecutor.ts\u001b[2m:435:42)\u001b[22m\u001b[2m\u001b[22m\n\u001b[2m      \u001b[2mat SubjectExecutor.execute (\u001b[22m\u001b[2m../src/persistence/SubjectExecutor.ts\u001b[2m:137:9)\u001b[22m\u001b[2m\u001b[22m\n\u001b[2m      \u001b[2mat EntityPersistExecutor.execute (\u001b[22m\u001b[2m../src/persistence/EntityPersistExecutor.ts\u001b[2m:182:21)\u001b[22m\u001b[2m\u001b[22m\n\u001b[2m      \u001b[2mat Object.<anonymous> (\u001b[22m\u001b[2m\u001b[0m\u001b[36mclass.e2e-spec.ts\u001b[39m\u001b[0m\u001b[2m:26:5)\u001b[22m\u001b[2m\u001b[22m\n","name":"C:\\saas\\backend\\test\\class.e2e-spec.ts","startTime":1751711169413,"status":"failed","summary":""},{"assertionResults":[{"ancestorTitles":["StudentController (e2e)"],"duration":0,"failureDetails":[{"query":"INSERT INTO \"tenant\"(\"id\", \"name\", \"plan\") VALUES ($1, $2, DEFAULT) RETURNING \"id\", \"plan\"","parameters":["83f59365-7e3d-42d5-acc7-1c4fe8a3c1af","Tenant E2E Student"],"driverError":{"length":266,"name":"error","severity":"ERREUR","code":"23505","detail":"La clé « (name)=(Tenant E2E Student) » existe déjà.","schema":"public","table":"tenant","constraint":"UQ_56211336b5ff35fd944f2259173","file":"nbtinsert.c","line":"673","routine":"_bt_check_unique"},"length":266,"severity":"ERREUR","code":"23505","detail":"La clé « (name)=(Tenant E2E Student) » existe déjà.","schema":"public","table":"tenant","constraint":"UQ_56211336b5ff35fd944f2259173","file":"nbtinsert.c","line":"673","routine":"_bt_check_unique"}],"failureMessages":["QueryFailedError: la valeur d'une clé dupliquée rompt la contrainte unique « UQ_56211336b5ff35fd944f2259173 »\n    at PostgresQueryRunner.query (C:\\saas\\backend\\src\\driver\\postgres\\PostgresQueryRunner.ts:325:19)\n    at processTicksAndRejections (node:internal/process/task_queues:105:5)\n    at InsertQueryBuilder.execute (C:\\saas\\backend\\src\\query-builder\\InsertQueryBuilder.ts:164:33)\n    at SubjectExecutor.executeInsertOperations (C:\\saas\\backend\\src\\persistence\\SubjectExecutor.ts:435:42)\n    at SubjectExecutor.execute (C:\\saas\\backend\\src\\persistence\\SubjectExecutor.ts:137:9)\n    at EntityPersistExecutor.execute (C:\\saas\\backend\\src\\persistence\\EntityPersistExecutor.ts:182:21)\n    at Object.<anonymous> (C:\\saas\\backend\\test\\student.e2e-spec.ts:25:5)"],"fullName":"StudentController (e2e) should create student","invocations":1,"location":null,"numPassingAsserts":0,"retryReasons":[],"status":"failed","title":"should create student"},{"ancestorTitles":["StudentController (e2e)"],"duration":0,"failureDetails":[{"query":"INSERT INTO \"tenant\"(\"id\", \"name\", \"plan\") VALUES ($1, $2, DEFAULT) RETURNING \"id\", \"plan\"","parameters":["83f59365-7e3d-42d5-acc7-1c4fe8a3c1af","Tenant E2E Student"],"driverError":{"length":266,"name":"error","severity":"ERREUR","code":"23505","detail":"La clé « (name)=(Tenant E2E Student) » existe déjà.","schema":"public","table":"tenant","constraint":"UQ_56211336b5ff35fd944f2259173","file":"nbtinsert.c","line":"673","routine":"_bt_check_unique"},"length":266,"severity":"ERREUR","code":"23505","detail":"La clé « (name)=(Tenant E2E Student) » existe déjà.","schema":"public","table":"tenant","constraint":"UQ_56211336b5ff35fd944f2259173","file":"nbtinsert.c","line":"673","routine":"_bt_check_unique"}],"failureMessages":["QueryFailedError: la valeur d'une clé dupliquée rompt la contrainte unique « UQ_56211336b5ff35fd944f2259173 »\n    at PostgresQueryRunner.query (C:\\saas\\backend\\src\\driver\\postgres\\PostgresQueryRunner.ts:325:19)\n    at processTicksAndRejections (node:internal/process/task_queues:105:5)\n    at InsertQueryBuilder.execute (C:\\saas\\backend\\src\\query-builder\\InsertQueryBuilder.ts:164:33)\n    at SubjectExecutor.executeInsertOperations (C:\\saas\\backend\\src\\persistence\\SubjectExecutor.ts:435:42)\n    at SubjectExecutor.execute (C:\\saas\\backend\\src\\persistence\\SubjectExecutor.ts:137:9)\n    at EntityPersistExecutor.execute (C:\\saas\\backend\\src\\persistence\\EntityPersistExecutor.ts:182:21)\n    at Object.<anonymous> (C:\\saas\\backend\\test\\student.e2e-spec.ts:25:5)"],"fullName":"StudentController (e2e) should list students","invocations":1,"location":null,"numPassingAsserts":0,"retryReasons":[],"status":"failed","title":"should list students"},{"ancestorTitles":["StudentController (e2e)"],"duration":0,"failureDetails":[{"query":"INSERT INTO \"tenant\"(\"id\", \"name\", \"plan\") VALUES ($1, $2, DEFAULT) RETURNING \"id\", \"plan\"","parameters":["83f59365-7e3d-42d5-acc7-1c4fe8a3c1af","Tenant E2E Student"],"driverError":{"length":266,"name":"error","severity":"ERREUR","code":"23505","detail":"La clé « (name)=(Tenant E2E Student) » existe déjà.","schema":"public","table":"tenant","constraint":"UQ_56211336b5ff35fd944f2259173","file":"nbtinsert.c","line":"673","routine":"_bt_check_unique"},"length":266,"severity":"ERREUR","code":"23505","detail":"La clé « (name)=(Tenant E2E Student) » existe déjà.","schema":"public","table":"tenant","constraint":"UQ_56211336b5ff35fd944f2259173","file":"nbtinsert.c","line":"673","routine":"_bt_check_unique"}],"failureMessages":["QueryFailedError: la valeur d'une clé dupliquée rompt la contrainte unique « UQ_56211336b5ff35fd944f2259173 »\n    at PostgresQueryRunner.query (C:\\saas\\backend\\src\\driver\\postgres\\PostgresQueryRunner.ts:325:19)\n    at processTicksAndRejections (node:internal/process/task_queues:105:5)\n    at InsertQueryBuilder.execute (C:\\saas\\backend\\src\\query-builder\\InsertQueryBuilder.ts:164:33)\n    at SubjectExecutor.executeInsertOperations (C:\\saas\\backend\\src\\persistence\\SubjectExecutor.ts:435:42)\n    at SubjectExecutor.execute (C:\\saas\\backend\\src\\persistence\\SubjectExecutor.ts:137:9)\n    at EntityPersistExecutor.execute (C:\\saas\\backend\\src\\persistence\\EntityPersistExecutor.ts:182:21)\n    at Object.<anonymous> (C:\\saas\\backend\\test\\student.e2e-spec.ts:25:5)"],"fullName":"StudentController (e2e) should get one student","invocations":1,"location":null,"numPassingAsserts":0,"retryReasons":[],"status":"failed","title":"should get one student"},{"ancestorTitles":["StudentController (e2e)"],"duration":0,"failureDetails":[{"query":"INSERT INTO \"tenant\"(\"id\", \"name\", \"plan\") VALUES ($1, $2, DEFAULT) RETURNING \"id\", \"plan\"","parameters":["83f59365-7e3d-42d5-acc7-1c4fe8a3c1af","Tenant E2E Student"],"driverError":{"length":266,"name":"error","severity":"ERREUR","code":"23505","detail":"La clé « (name)=(Tenant E2E Student) » existe déjà.","schema":"public","table":"tenant","constraint":"UQ_56211336b5ff35fd944f2259173","file":"nbtinsert.c","line":"673","routine":"_bt_check_unique"},"length":266,"severity":"ERREUR","code":"23505","detail":"La clé « (name)=(Tenant E2E Student) » existe déjà.","schema":"public","table":"tenant","constraint":"UQ_56211336b5ff35fd944f2259173","file":"nbtinsert.c","line":"673","routine":"_bt_check_unique"}],"failureMessages":["QueryFailedError: la valeur d'une clé dupliquée rompt la contrainte unique « UQ_56211336b5ff35fd944f2259173 »\n    at PostgresQueryRunner.query (C:\\saas\\backend\\src\\driver\\postgres\\PostgresQueryRunner.ts:325:19)\n    at processTicksAndRejections (node:internal/process/task_queues:105:5)\n    at InsertQueryBuilder.execute (C:\\saas\\backend\\src\\query-builder\\InsertQueryBuilder.ts:164:33)\n    at SubjectExecutor.executeInsertOperations (C:\\saas\\backend\\src\\persistence\\SubjectExecutor.ts:435:42)\n    at SubjectExecutor.execute (C:\\saas\\backend\\src\\persistence\\SubjectExecutor.ts:137:9)\n    at EntityPersistExecutor.execute (C:\\saas\\backend\\src\\persistence\\EntityPersistExecutor.ts:182:21)\n    at Object.<anonymous> (C:\\saas\\backend\\test\\student.e2e-spec.ts:25:5)"],"fullName":"StudentController (e2e) should update student","invocations":1,"location":null,"numPassingAsserts":0,"retryReasons":[],"status":"failed","title":"should update student"},{"ancestorTitles":["StudentController (e2e)"],"duration":0,"failureDetails":[{"query":"INSERT INTO \"tenant\"(\"id\", \"name\", \"plan\") VALUES ($1, $2, DEFAULT) RETURNING \"id\", \"plan\"","parameters":["83f59365-7e3d-42d5-acc7-1c4fe8a3c1af","Tenant E2E Student"],"driverError":{"length":266,"name":"error","severity":"ERREUR","code":"23505","detail":"La clé « (name)=(Tenant E2E Student) » existe déjà.","schema":"public","table":"tenant","constraint":"UQ_56211336b5ff35fd944f2259173","file":"nbtinsert.c","line":"673","routine":"_bt_check_unique"},"length":266,"severity":"ERREUR","code":"23505","detail":"La clé « (name)=(Tenant E2E Student) » existe déjà.","schema":"public","table":"tenant","constraint":"UQ_56211336b5ff35fd944f2259173","file":"nbtinsert.c","line":"673","routine":"_bt_check_unique"}],"failureMessages":["QueryFailedError: la valeur d'une clé dupliquée rompt la contrainte unique « UQ_56211336b5ff35fd944f2259173 »\n    at PostgresQueryRunner.query (C:\\saas\\backend\\src\\driver\\postgres\\PostgresQueryRunner.ts:325:19)\n    at processTicksAndRejections (node:internal/process/task_queues:105:5)\n    at InsertQueryBuilder.execute (C:\\saas\\backend\\src\\query-builder\\InsertQueryBuilder.ts:164:33)\n    at SubjectExecutor.executeInsertOperations (C:\\saas\\backend\\src\\persistence\\SubjectExecutor.ts:435:42)\n    at SubjectExecutor.execute (C:\\saas\\backend\\src\\persistence\\SubjectExecutor.ts:137:9)\n    at EntityPersistExecutor.execute (C:\\saas\\backend\\src\\persistence\\EntityPersistExecutor.ts:182:21)\n    at Object.<anonymous> (C:\\saas\\backend\\test\\student.e2e-spec.ts:25:5)"],"fullName":"StudentController (e2e) should delete student","invocations":1,"location":null,"numPassingAsserts":0,"retryReasons":[],"status":"failed","title":"should delete student"}],"endTime":1751711174376,"message":"\u001b[1m\u001b[31m  \u001b[1m● \u001b[22m\u001b[1mStudentController (e2e) › should create student\u001b[39m\u001b[22m\n\n    QueryFailedError: la valeur d'une clé dupliquée rompt la contrainte unique « UQ_56211336b5ff35fd944f2259173 »\n\u001b[2m\u001b[22m\n\u001b[2m      \u001b[2mat PostgresQueryRunner.query (\u001b[22m\u001b[2m../src/driver/postgres/PostgresQueryRunner.ts\u001b[2m:325:19)\u001b[22m\u001b[2m\u001b[22m\n\u001b[2m      \u001b[2mat InsertQueryBuilder.execute (\u001b[22m\u001b[2m../src/query-builder/InsertQueryBuilder.ts\u001b[2m:164:33)\u001b[22m\u001b[2m\u001b[22m\n\u001b[2m      \u001b[2mat SubjectExecutor.executeInsertOperations (\u001b[22m\u001b[2m../src/persistence/SubjectExecutor.ts\u001b[2m:435:42)\u001b[22m\u001b[2m\u001b[22m\n\u001b[2m      \u001b[2mat SubjectExecutor.execute (\u001b[22m\u001b[2m../src/persistence/SubjectExecutor.ts\u001b[2m:137:9)\u001b[22m\u001b[2m\u001b[22m\n\u001b[2m      \u001b[2mat EntityPersistExecutor.execute (\u001b[22m\u001b[2m../src/persistence/EntityPersistExecutor.ts\u001b[2m:182:21)\u001b[22m\u001b[2m\u001b[22m\n\u001b[2m      \u001b[2mat Object.<anonymous> (\u001b[22m\u001b[2m\u001b[0m\u001b[36mstudent.e2e-spec.ts\u001b[39m\u001b[0m\u001b[2m:25:5)\u001b[22m\u001b[2m\u001b[22m\n\n\u001b[1m\u001b[31m  \u001b[1m● \u001b[22m\u001b[1mStudentController (e2e) › should list students\u001b[39m\u001b[22m\n\n    QueryFailedError: la valeur d'une clé dupliquée rompt la contrainte unique « UQ_56211336b5ff35fd944f2259173 »\n\u001b[2m\u001b[22m\n\u001b[2m      \u001b[2mat PostgresQueryRunner.query (\u001b[22m\u001b[2m../src/driver/postgres/PostgresQueryRunner.ts\u001b[2m:325:19)\u001b[22m\u001b[2m\u001b[22m\n\u001b[2m      \u001b[2mat InsertQueryBuilder.execute (\u001b[22m\u001b[2m../src/query-builder/InsertQueryBuilder.ts\u001b[2m:164:33)\u001b[22m\u001b[2m\u001b[22m\n\u001b[2m      \u001b[2mat SubjectExecutor.executeInsertOperations (\u001b[22m\u001b[2m../src/persistence/SubjectExecutor.ts\u001b[2m:435:42)\u001b[22m\u001b[2m\u001b[22m\n\u001b[2m      \u001b[2mat SubjectExecutor.execute (\u001b[22m\u001b[2m../src/persistence/SubjectExecutor.ts\u001b[2m:137:9)\u001b[22m\u001b[2m\u001b[22m\n\u001b[2m      \u001b[2mat EntityPersistExecutor.execute (\u001b[22m\u001b[2m../src/persistence/EntityPersistExecutor.ts\u001b[2m:182:21)\u001b[22m\u001b[2m\u001b[22m\n\u001b[2m      \u001b[2mat Object.<anonymous> (\u001b[22m\u001b[2m\u001b[0m\u001b[36mstudent.e2e-spec.ts\u001b[39m\u001b[0m\u001b[2m:25:5)\u001b[22m\u001b[2m\u001b[22m\n\n\u001b[1m\u001b[31m  \u001b[1m● \u001b[22m\u001b[1mStudentController (e2e) › should get one student\u001b[39m\u001b[22m\n\n    QueryFailedError: la valeur d'une clé dupliquée rompt la contrainte unique « UQ_56211336b5ff35fd944f2259173 »\n\u001b[2m\u001b[22m\n\u001b[2m      \u001b[2mat PostgresQueryRunner.query (\u001b[22m\u001b[2m../src/driver/postgres/PostgresQueryRunner.ts\u001b[2m:325:19)\u001b[22m\u001b[2m\u001b[22m\n\u001b[2m      \u001b[2mat InsertQueryBuilder.execute (\u001b[22m\u001b[2m../src/query-builder/InsertQueryBuilder.ts\u001b[2m:164:33)\u001b[22m\u001b[2m\u001b[22m\n\u001b[2m      \u001b[2mat SubjectExecutor.executeInsertOperations (\u001b[22m\u001b[2m../src/persistence/SubjectExecutor.ts\u001b[2m:435:42)\u001b[22m\u001b[2m\u001b[22m\n\u001b[2m      \u001b[2mat SubjectExecutor.execute (\u001b[22m\u001b[2m../src/persistence/SubjectExecutor.ts\u001b[2m:137:9)\u001b[22m\u001b[2m\u001b[22m\n\u001b[2m      \u001b[2mat EntityPersistExecutor.execute (\u001b[22m\u001b[2m../src/persistence/EntityPersistExecutor.ts\u001b[2m:182:21)\u001b[22m\u001b[2m\u001b[22m\n\u001b[2m      \u001b[2mat Object.<anonymous> (\u001b[22m\u001b[2m\u001b[0m\u001b[36mstudent.e2e-spec.ts\u001b[39m\u001b[0m\u001b[2m:25:5)\u001b[22m\u001b[2m\u001b[22m\n\n\u001b[1m\u001b[31m  \u001b[1m● \u001b[22m\u001b[1mStudentController (e2e) › should update student\u001b[39m\u001b[22m\n\n    QueryFailedError: la valeur d'une clé dupliquée rompt la contrainte unique « UQ_56211336b5ff35fd944f2259173 »\n\u001b[2m\u001b[22m\n\u001b[2m      \u001b[2mat PostgresQueryRunner.query (\u001b[22m\u001b[2m../src/driver/postgres/PostgresQueryRunner.ts\u001b[2m:325:19)\u001b[22m\u001b[2m\u001b[22m\n\u001b[2m      \u001b[2mat InsertQueryBuilder.execute (\u001b[22m\u001b[2m../src/query-builder/InsertQueryBuilder.ts\u001b[2m:164:33)\u001b[22m\u001b[2m\u001b[22m\n\u001b[2m      \u001b[2mat SubjectExecutor.executeInsertOperations (\u001b[22m\u001b[2m../src/persistence/SubjectExecutor.ts\u001b[2m:435:42)\u001b[22m\u001b[2m\u001b[22m\n\u001b[2m      \u001b[2mat SubjectExecutor.execute (\u001b[22m\u001b[2m../src/persistence/SubjectExecutor.ts\u001b[2m:137:9)\u001b[22m\u001b[2m\u001b[22m\n\u001b[2m      \u001b[2mat EntityPersistExecutor.execute (\u001b[22m\u001b[2m../src/persistence/EntityPersistExecutor.ts\u001b[2m:182:21)\u001b[22m\u001b[2m\u001b[22m\n\u001b[2m      \u001b[2mat Object.<anonymous> (\u001b[22m\u001b[2m\u001b[0m\u001b[36mstudent.e2e-spec.ts\u001b[39m\u001b[0m\u001b[2m:25:5)\u001b[22m\u001b[2m\u001b[22m\n\n\u001b[1m\u001b[31m  \u001b[1m● \u001b[22m\u001b[1mStudentController (e2e) › should delete student\u001b[39m\u001b[22m\n\n    QueryFailedError: la valeur d'une clé dupliquée rompt la contrainte unique « UQ_56211336b5ff35fd944f2259173 »\n\u001b[2m\u001b[22m\n\u001b[2m      \u001b[2mat PostgresQueryRunner.query (\u001b[22m\u001b[2m../src/driver/postgres/PostgresQueryRunner.ts\u001b[2m:325:19)\u001b[22m\u001b[2m\u001b[22m\n\u001b[2m      \u001b[2mat InsertQueryBuilder.execute (\u001b[22m\u001b[2m../src/query-builder/InsertQueryBuilder.ts\u001b[2m:164:33)\u001b[22m\u001b[2m\u001b[22m\n\u001b[2m      \u001b[2mat SubjectExecutor.executeInsertOperations (\u001b[22m\u001b[2m../src/persistence/SubjectExecutor.ts\u001b[2m:435:42)\u001b[22m\u001b[2m\u001b[22m\n\u001b[2m      \u001b[2mat SubjectExecutor.execute (\u001b[22m\u001b[2m../src/persistence/SubjectExecutor.ts\u001b[2m:137:9)\u001b[22m\u001b[2m\u001b[22m\n\u001b[2m      \u001b[2mat EntityPersistExecutor.execute (\u001b[22m\u001b[2m../src/persistence/EntityPersistExecutor.ts\u001b[2m:182:21)\u001b[22m\u001b[2m\u001b[22m\n\u001b[2m      \u001b[2mat Object.<anonymous> (\u001b[22m\u001b[2m\u001b[0m\u001b[36mstudent.e2e-spec.ts\u001b[39m\u001b[0m\u001b[2m:25:5)\u001b[22m\u001b[2m\u001b[22m\n","name":"C:\\saas\\backend\\test\\student.e2e-spec.ts","startTime":1751711173683,"status":"failed","summary":""},{"assertionResults":[{"ancestorTitles":["EstablishmentController (e2e)"],"duration":61,"failureDetails":[],"failureMessages":[],"fullName":"EstablishmentController (e2e) should create establishment","invocations":1,"location":null,"numPassingAsserts":2,"retryReasons":[],"status":"passed","title":"should create establishment"},{"ancestorTitles":["EstablishmentController (e2e)"],"duration":8,"failureDetails":[],"failureMessages":[],"fullName":"EstablishmentController (e2e) should list establishments","invocations":1,"location":null,"numPassingAsserts":2,"retryReasons":[],"status":"passed","title":"should list establishments"},{"ancestorTitles":["EstablishmentController (e2e)"],"duration":8,"failureDetails":[],"failureMessages":[],"fullName":"EstablishmentController (e2e) should get one establishment","invocations":1,"location":null,"numPassingAsserts":2,"retryReasons":[],"status":"passed","title":"should get one establishment"},{"ancestorTitles":["EstablishmentController (e2e)"],"duration":12,"failureDetails":[],"failureMessages":[],"fullName":"EstablishmentController (e2e) should update establishment","invocations":1,"location":null,"numPassingAsserts":1,"retryReasons":[],"status":"passed","title":"should update establishment"},{"ancestorTitles":["EstablishmentController (e2e)"],"duration":15,"failureDetails":[],"failureMessages":[],"fullName":"EstablishmentController (e2e) should delete establishment","invocations":1,"location":null,"numPassingAsserts":0,"retryReasons":[],"status":"passed","title":"should delete establishment"}],"endTime":1751711175104,"message":"","name":"C:\\saas\\backend\\test\\establishment.e2e-spec.ts","startTime":1751711174382,"status":"passed","summary":""}],"wasInterrupted":false}
